c:\rainbow\rainbow\rainbow\debug\vc143.pdb
c:\rainbow\rainbow\rainbow\debug\vc143.idb
c:\rainbow\rainbow\rainbow\debug\tile.obj
c:\rainbow\rainbow\rainbow\debug\texture_manager.obj
c:\rainbow\rainbow\rainbow\debug\map.obj
c:\rainbow\rainbow\rainbow\debug\main.obj
c:\rainbow\rainbow\rainbow\debug\game_state_start.obj
c:\rainbow\rainbow\rainbow\debug\game_state_editor.obj
c:\rainbow\rainbow\rainbow\debug\game.obj
c:\rainbow\rainbow\rainbow\debug\animation_handler.obj
c:\rainbow\rainbow\debug\rainbowproject.exe
c:\rainbow\rainbow\debug\rainbowproject.pdb
c:\rainbow\rainbow\rainbow\debug\rainbowproject.ilk
c:\rainbowproject\rainbowproject\rainbow\debug\animation_handler.obj
c:\rainbowproject\rainbowproject\rainbow\debug\game.obj
c:\rainbowproject\rainbowproject\rainbow\debug\game_state_editor.obj
c:\rainbowproject\rainbowproject\rainbow\debug\game_state_start.obj
c:\rainbowproject\rainbowproject\rainbow\debug\main.obj
c:\rainbowproject\rainbowproject\rainbow\debug\map.obj
c:\rainbowproject\rainbowproject\rainbow\debug\texture_manager.obj
c:\rainbowproject\rainbowproject\rainbow\debug\tile.obj
c:\rainbowproject\rainbowproject\rainbow\debug\rainbowproject.ilk
c:\rainbowproject\rainbowproject\rainbow\debug\vc143.idb
c:\rainbowproject\rainbowproject\rainbow\debug\vc143.pdb
c:\rainbowproject\rainbowproject\debug\rainbowproject.pdb
c:\rainbowproject\rainbowproject\debug\rainbowproject.exe
c:\rainbowproject\rainbowproject\rainbow\debug\rainbowproject.tlog\cl.command.1.tlog
c:\rainbowproject\rainbowproject\rainbow\debug\rainbowproject.tlog\cl.items.tlog
c:\rainbowproject\rainbowproject\rainbow\debug\rainbowproject.tlog\cl.read.1.tlog
c:\rainbowproject\rainbowproject\rainbow\debug\rainbowproject.tlog\cl.write.1.tlog
c:\rainbowproject\rainbowproject\rainbow\debug\rainbowproject.tlog\link.command.1.tlog
c:\rainbowproject\rainbowproject\rainbow\debug\rainbowproject.tlog\link.read.1.tlog
c:\rainbowproject\rainbowproject\rainbow\debug\rainbowproject.tlog\link.secondary.1.tlog
c:\rainbowproject\rainbowproject\rainbow\debug\rainbowproject.tlog\link.write.1.tlog
